<?xml version="1.0" encoding="UTF-8"?>
<!-- Generated by org.testng.reporters.JUnitXMLReporter -->
<testsuite ignored="0" hostname="DESKTOP-5D97ORV" failures="0" tests="9" name="Test" time="145.766" errors="0" timestamp="2022-05-24T15:23:09 ICT">
  <testcase classname="webautomation.RegistrationPositiveTest" name="user_login_with_correct_credentials_and_correct_password_format" time="11.631"/>
  <testcase classname="webautomation.RegistrationNegativeTest" name="user_regist_with_invalid_credentials_but_with_correct_password_format" time="8.47"/>
  <testcase classname="webautomation.RegistrationNegativeTest" name="user_regist_with_valid_credentials_but_with_incorrect_password_format" time="6.009"/>
  <testcase classname="webautomation.LoginPositiveTest" name="registered_user_able_addtocart" time="6.119"/>
  <testcase classname="webautomation.LoginNegativeTest" name="user_login_with_both_email_and_password_form_empty" time="3.925"/>
  <testcase classname="webautomation.LoginNegativeTest" name="user_login_with_correct_mail_but_with_incorrect_password" time="5.886"/>
  <testcase classname="webautomation.LoginNegativeTest" name="user_login_with_incorect_email_and_incorrect_password" time="5.915"/>
  <testcase classname="webautomation.LoginNegativeTest" name="user_login_with_incorrect_email_but_with_correct_password" time="4.028"/>
  <testcase classname="webautomation.AddToCartWithoutRegisterTest" name="non_registered_user_able_additemtocart" time="49.691"/>
</testsuite> <!-- Test -->
