<?xml version="1.0" encoding="UTF-8"?>
<testng-results ignored="0" total="9" passed="9" failed="0" skipped="0">
  <reporter-output>
  </reporter-output>
  <suite started-at="2022-05-24T15:20:43 ICT" name="Suite" finished-at="2022-05-24T15:23:09 ICT" duration-ms="145766">
    <groups>
    </groups>
    <test started-at="2022-05-24T15:20:43 ICT" name="Test" finished-at="2022-05-24T15:23:09 ICT" duration-ms="145766">
      <class name="webautomation.RegistrationNegativeTest">
        <test-method is-config="true" signature="beforeMethod()[pri:0, instance:webautomation.RegistrationNegativeTest@21ba0741]" started-at="2022-05-24T15:21:02 ICT" name="beforeMethod" finished-at="2022-05-24T15:21:06 ICT" duration-ms="4015" status="PASS">
          <reporter-output>
          </reporter-output>
        </test-method> <!-- beforeMethod -->
        <test-method signature="user_regist_with_invalid_credentials_but_with_correct_password_format()[pri:0, instance:webautomation.RegistrationNegativeTest@21ba0741]" started-at="2022-05-24T15:21:06 ICT" name="user_regist_with_invalid_credentials_but_with_correct_password_format" finished-at="2022-05-24T15:21:15 ICT" duration-ms="8470" status="PASS">
          <reporter-output>
          </reporter-output>
        </test-method> <!-- user_regist_with_invalid_credentials_but_with_correct_password_format -->
        <test-method is-config="true" signature="quitChromeDriver()[pri:0, instance:webautomation.RegistrationNegativeTest@21ba0741]" started-at="2022-05-24T15:21:15 ICT" name="quitChromeDriver" finished-at="2022-05-24T15:21:15 ICT" duration-ms="423" status="PASS">
          <reporter-output>
          </reporter-output>
        </test-method> <!-- quitChromeDriver -->
        <test-method is-config="true" signature="beforeMethod()[pri:0, instance:webautomation.RegistrationNegativeTest@21ba0741]" started-at="2022-05-24T15:21:15 ICT" name="beforeMethod" finished-at="2022-05-24T15:21:19 ICT" duration-ms="3819" status="PASS">
          <reporter-output>
          </reporter-output>
        </test-method> <!-- beforeMethod -->
        <test-method signature="user_regist_with_valid_credentials_but_with_incorrect_password_format()[pri:0, instance:webautomation.RegistrationNegativeTest@21ba0741]" started-at="2022-05-24T15:21:19 ICT" name="user_regist_with_valid_credentials_but_with_incorrect_password_format" finished-at="2022-05-24T15:21:25 ICT" duration-ms="6009" status="PASS">
          <reporter-output>
          </reporter-output>
        </test-method> <!-- user_regist_with_valid_credentials_but_with_incorrect_password_format -->
        <test-method is-config="true" signature="quitChromeDriver()[pri:0, instance:webautomation.RegistrationNegativeTest@21ba0741]" started-at="2022-05-24T15:21:25 ICT" name="quitChromeDriver" finished-at="2022-05-24T15:21:25 ICT" duration-ms="200" status="PASS">
          <reporter-output>
          </reporter-output>
        </test-method> <!-- quitChromeDriver -->
      </class> <!-- webautomation.RegistrationNegativeTest -->
      <class name="webautomation.LoginPositiveTest">
        <test-method is-config="true" signature="beforeMethod()[pri:0, instance:webautomation.LoginPositiveTest@58ce9668]" started-at="2022-05-24T15:21:25 ICT" name="beforeMethod" finished-at="2022-05-24T15:21:29 ICT" duration-ms="4118" status="PASS">
          <reporter-output>
          </reporter-output>
        </test-method> <!-- beforeMethod -->
        <test-method signature="registered_user_able_addtocart()[pri:0, instance:webautomation.LoginPositiveTest@58ce9668]" started-at="2022-05-24T15:21:29 ICT" name="registered_user_able_addtocart" finished-at="2022-05-24T15:21:35 ICT" duration-ms="6119" status="PASS">
          <reporter-output>
          </reporter-output>
        </test-method> <!-- registered_user_able_addtocart -->
        <test-method is-config="true" signature="quitChromeDriver()[pri:0, instance:webautomation.LoginPositiveTest@58ce9668]" started-at="2022-05-24T15:21:35 ICT" name="quitChromeDriver" finished-at="2022-05-24T15:21:36 ICT" duration-ms="683" status="PASS">
          <reporter-output>
          </reporter-output>
        </test-method> <!-- quitChromeDriver -->
      </class> <!-- webautomation.LoginPositiveTest -->
      <class name="webautomation.RegistrationPositiveTest">
        <test-method is-config="true" signature="beforeMethod()[pri:0, instance:webautomation.RegistrationPositiveTest@7393222f]" started-at="2022-05-24T15:20:43 ICT" name="beforeMethod" finished-at="2022-05-24T15:20:50 ICT" duration-ms="6361" status="PASS">
          <reporter-output>
          </reporter-output>
        </test-method> <!-- beforeMethod -->
        <test-method signature="user_login_with_correct_credentials_and_correct_password_format()[pri:0, instance:webautomation.RegistrationPositiveTest@7393222f]" started-at="2022-05-24T15:20:50 ICT" name="user_login_with_correct_credentials_and_correct_password_format" finished-at="2022-05-24T15:21:02 ICT" duration-ms="11631" status="PASS">
          <reporter-output>
          </reporter-output>
        </test-method> <!-- user_login_with_correct_credentials_and_correct_password_format -->
        <test-method is-config="true" signature="quitChromeDriver()[pri:0, instance:webautomation.RegistrationPositiveTest@7393222f]" started-at="2022-05-24T15:21:02 ICT" name="quitChromeDriver" finished-at="2022-05-24T15:21:02 ICT" duration-ms="462" status="PASS">
          <reporter-output>
          </reporter-output>
        </test-method> <!-- quitChromeDriver -->
      </class> <!-- webautomation.RegistrationPositiveTest -->
      <class name="webautomation.LoginNegativeTest">
        <test-method is-config="true" signature="beforeMethod()[pri:0, instance:webautomation.LoginNegativeTest@2796aeae]" started-at="2022-05-24T15:21:36 ICT" name="beforeMethod" finished-at="2022-05-24T15:21:40 ICT" duration-ms="4425" status="PASS">
          <reporter-output>
          </reporter-output>
        </test-method> <!-- beforeMethod -->
        <test-method signature="user_login_with_both_email_and_password_form_empty()[pri:0, instance:webautomation.LoginNegativeTest@2796aeae]" started-at="2022-05-24T15:21:40 ICT" name="user_login_with_both_email_and_password_form_empty" finished-at="2022-05-24T15:21:44 ICT" duration-ms="3925" status="PASS">
          <reporter-output>
          </reporter-output>
        </test-method> <!-- user_login_with_both_email_and_password_form_empty -->
        <test-method is-config="true" signature="quitChromeDriver()[pri:0, instance:webautomation.LoginNegativeTest@2796aeae]" started-at="2022-05-24T15:21:44 ICT" name="quitChromeDriver" finished-at="2022-05-24T15:21:44 ICT" duration-ms="147" status="PASS">
          <reporter-output>
          </reporter-output>
        </test-method> <!-- quitChromeDriver -->
        <test-method is-config="true" signature="beforeMethod()[pri:0, instance:webautomation.LoginNegativeTest@2796aeae]" started-at="2022-05-24T15:21:44 ICT" name="beforeMethod" finished-at="2022-05-24T15:21:49 ICT" duration-ms="4586" status="PASS">
          <reporter-output>
          </reporter-output>
        </test-method> <!-- beforeMethod -->
        <test-method signature="user_login_with_correct_mail_but_with_incorrect_password()[pri:0, instance:webautomation.LoginNegativeTest@2796aeae]" started-at="2022-05-24T15:21:49 ICT" name="user_login_with_correct_mail_but_with_incorrect_password" finished-at="2022-05-24T15:21:55 ICT" duration-ms="5886" status="PASS">
          <reporter-output>
          </reporter-output>
        </test-method> <!-- user_login_with_correct_mail_but_with_incorrect_password -->
        <test-method is-config="true" signature="quitChromeDriver()[pri:0, instance:webautomation.LoginNegativeTest@2796aeae]" started-at="2022-05-24T15:21:55 ICT" name="quitChromeDriver" finished-at="2022-05-24T15:21:56 ICT" duration-ms="637" status="PASS">
          <reporter-output>
          </reporter-output>
        </test-method> <!-- quitChromeDriver -->
        <test-method is-config="true" signature="beforeMethod()[pri:0, instance:webautomation.LoginNegativeTest@2796aeae]" started-at="2022-05-24T15:21:56 ICT" name="beforeMethod" finished-at="2022-05-24T15:22:00 ICT" duration-ms="4588" status="PASS">
          <reporter-output>
          </reporter-output>
        </test-method> <!-- beforeMethod -->
        <test-method signature="user_login_with_incorect_email_and_incorrect_password()[pri:0, instance:webautomation.LoginNegativeTest@2796aeae]" started-at="2022-05-24T15:22:00 ICT" name="user_login_with_incorect_email_and_incorrect_password" finished-at="2022-05-24T15:22:06 ICT" duration-ms="5915" status="PASS">
          <reporter-output>
          </reporter-output>
        </test-method> <!-- user_login_with_incorect_email_and_incorrect_password -->
        <test-method is-config="true" signature="quitChromeDriver()[pri:0, instance:webautomation.LoginNegativeTest@2796aeae]" started-at="2022-05-24T15:22:06 ICT" name="quitChromeDriver" finished-at="2022-05-24T15:22:06 ICT" duration-ms="170" status="PASS">
          <reporter-output>
          </reporter-output>
        </test-method> <!-- quitChromeDriver -->
        <test-method is-config="true" signature="beforeMethod()[pri:0, instance:webautomation.LoginNegativeTest@2796aeae]" started-at="2022-05-24T15:22:06 ICT" name="beforeMethod" finished-at="2022-05-24T15:22:10 ICT" duration-ms="4170" status="PASS">
          <reporter-output>
          </reporter-output>
        </test-method> <!-- beforeMethod -->
        <test-method signature="user_login_with_incorrect_email_but_with_correct_password()[pri:0, instance:webautomation.LoginNegativeTest@2796aeae]" started-at="2022-05-24T15:22:10 ICT" name="user_login_with_incorrect_email_but_with_correct_password" finished-at="2022-05-24T15:22:14 ICT" duration-ms="4028" status="PASS">
          <reporter-output>
          </reporter-output>
        </test-method> <!-- user_login_with_incorrect_email_but_with_correct_password -->
        <test-method is-config="true" signature="quitChromeDriver()[pri:0, instance:webautomation.LoginNegativeTest@2796aeae]" started-at="2022-05-24T15:22:14 ICT" name="quitChromeDriver" finished-at="2022-05-24T15:22:15 ICT" duration-ms="142" status="PASS">
          <reporter-output>
          </reporter-output>
        </test-method> <!-- quitChromeDriver -->
      </class> <!-- webautomation.LoginNegativeTest -->
      <class name="webautomation.AddToCartWithoutRegisterTest">
        <test-method is-config="true" signature="beforeMethod()[pri:0, instance:webautomation.AddToCartWithoutRegisterTest@b4711e2]" started-at="2022-05-24T15:22:15 ICT" name="beforeMethod" finished-at="2022-05-24T15:22:19 ICT" duration-ms="4360" status="PASS">
          <reporter-output>
          </reporter-output>
        </test-method> <!-- beforeMethod -->
        <test-method signature="non_registered_user_able_additemtocart()[pri:0, instance:webautomation.AddToCartWithoutRegisterTest@b4711e2]" started-at="2022-05-24T15:22:19 ICT" name="non_registered_user_able_additemtocart" finished-at="2022-05-24T15:23:09 ICT" duration-ms="49691" status="PASS">
          <reporter-output>
          </reporter-output>
        </test-method> <!-- non_registered_user_able_additemtocart -->
        <test-method is-config="true" signature="quitChromeDriver()[pri:0, instance:webautomation.AddToCartWithoutRegisterTest@b4711e2]" started-at="2022-05-24T15:23:09 ICT" name="quitChromeDriver" finished-at="2022-05-24T15:23:09 ICT" duration-ms="508" status="PASS">
          <reporter-output>
          </reporter-output>
        </test-method> <!-- quitChromeDriver -->
      </class> <!-- webautomation.AddToCartWithoutRegisterTest -->
    </test> <!-- Test -->
  </suite> <!-- Suite -->
</testng-results>
